block in append_cflags: checking for whether -Wall is accepted as CFLAGS... -------------------- yes

DYLD_LIBRARY_PATH=.:/Users/naoki/.rbenv/versions/3.2.8/lib "clang -o conftest -I/Users/naoki/.rbenv/versions/3.2.8/include/ruby-3.2.0/arm64-darwin22 -I/Users/naoki/.rbenv/versions/3.2.8/include/ruby-3.2.0/ruby/backward -I/Users/naoki/.rbenv/versions/3.2.8/include/ruby-3.2.0 -I. -D_XOPEN_SOURCE -D_DARWIN_C_SOURCE -D_DARWIN_UNLIMITED_SELECT -D_REENTRANT   -w -fdeclspec -O3 -fno-fast-math -ggdb3 -Wall -Wextra -Wextra-tokens -Wdeprecated-declarations -Wdivision-by-zero -Wdiv-by-zero -Wduplicated-cond -Wimplicit-function-declaration -Wimplicit-int -Wmisleading-indentation -Wpointer-arith -Wshorten-64-to-32 -Wwrite-strings -Wold-style-definition -Wimplicit-fallthrough=0 -Wmissing-noreturn -Wno-cast-function-type -Wno-constant-logical-operand -Wno-long-long -Wno-missing-field-initializers -Wno-overlength-strings -Wno-packed-bitfield-compat -Wno-parentheses-equality -Wno-self-assign -Wno-tautological-compare -Wno-unused-parameter -Wno-unused-value -Wsuggest-attribute=format -Wsuggest-attribute=noreturn -Wunused-variable -diag-disable=175,188,1684,2259,2312 -Wno-maybe-uninitialized -Wundef -fno-common -pipe conftest.c  -L. -L/Users/naoki/.rbenv/versions/3.2.8/lib -L. -fstack-protector-strong -L/opt/homebrew/opt/gmp/lib     -lruby.3.2  -lpthread  "
checked program was:
/* begin */
1: #include "ruby.h"
2: 
3: int main(int argc, char **argv)
4: {
5:   return !!argv[argc];
6: }
/* end */

DYLD_LIBRARY_PATH=.:/Users/naoki/.rbenv/versions/3.2.8/lib "clang -I/Users/naoki/.rbenv/versions/3.2.8/include/ruby-3.2.0/arm64-darwin22 -I/Users/naoki/.rbenv/versions/3.2.8/include/ruby-3.2.0/ruby/backward -I/Users/naoki/.rbenv/versions/3.2.8/include/ruby-3.2.0 -I. -D_XOPEN_SOURCE -D_DARWIN_C_SOURCE -D_DARWIN_UNLIMITED_SELECT -D_REENTRANT   -w -fdeclspec -O3 -fno-fast-math -ggdb3 -Wall -Wextra -Wextra-tokens -Wdeprecated-declarations -Wdivision-by-zero -Wdiv-by-zero -Wduplicated-cond -Wimplicit-function-declaration -Wimplicit-int -Wmisleading-indentation -Wpointer-arith -Wshorten-64-to-32 -Wwrite-strings -Wold-style-definition -Wimplicit-fallthrough=0 -Wmissing-noreturn -Wno-cast-function-type -Wno-constant-logical-operand -Wno-long-long -Wno-missing-field-initializers -Wno-overlength-strings -Wno-packed-bitfield-compat -Wno-parentheses-equality -Wno-self-assign -Wno-tautological-compare -Wno-unused-parameter -Wno-unused-value -Wsuggest-attribute=format -Wsuggest-attribute=noreturn -Wunused-variable -diag-disable=175,188,1684,2259,2312 -Wno-maybe-uninitialized -Wundef -fno-common -pipe  -Wall -Werror -c conftest.c"
checked program was:
/* begin */
1: #include "ruby.h"
2: 
3: int main(int argc, char **argv)
4: {
5:   return !!argv[argc];
6: }
/* end */

--------------------

block in append_cflags: checking for whether -O3 is accepted as CFLAGS... -------------------- yes

DYLD_LIBRARY_PATH=.:/Users/naoki/.rbenv/versions/3.2.8/lib "clang -I/Users/naoki/.rbenv/versions/3.2.8/include/ruby-3.2.0/arm64-darwin22 -I/Users/naoki/.rbenv/versions/3.2.8/include/ruby-3.2.0/ruby/backward -I/Users/naoki/.rbenv/versions/3.2.8/include/ruby-3.2.0 -I. -D_XOPEN_SOURCE -D_DARWIN_C_SOURCE -D_DARWIN_UNLIMITED_SELECT -D_REENTRANT   -w -fdeclspec -O3 -fno-fast-math -ggdb3 -Wall -Wextra -Wextra-tokens -Wdeprecated-declarations -Wdivision-by-zero -Wdiv-by-zero -Wduplicated-cond -Wimplicit-function-declaration -Wimplicit-int -Wmisleading-indentation -Wpointer-arith -Wshorten-64-to-32 -Wwrite-strings -Wold-style-definition -Wimplicit-fallthrough=0 -Wmissing-noreturn -Wno-cast-function-type -Wno-constant-logical-operand -Wno-long-long -Wno-missing-field-initializers -Wno-overlength-strings -Wno-packed-bitfield-compat -Wno-parentheses-equality -Wno-self-assign -Wno-tautological-compare -Wno-unused-parameter -Wno-unused-value -Wsuggest-attribute=format -Wsuggest-attribute=noreturn -Wunused-variable -diag-disable=175,188,1684,2259,2312 -Wno-maybe-uninitialized -Wundef -fno-common -pipe -Wall  -O3 -Werror -c conftest.c"
checked program was:
/* begin */
1: #include "ruby.h"
2: 
3: int main(int argc, char **argv)
4: {
5:   return !!argv[argc];
6: }
/* end */

--------------------

block in append_cflags: checking for whether -pedantic is accepted as CFLAGS... -------------------- yes

DYLD_LIBRARY_PATH=.:/Users/naoki/.rbenv/versions/3.2.8/lib "clang -I/Users/naoki/.rbenv/versions/3.2.8/include/ruby-3.2.0/arm64-darwin22 -I/Users/naoki/.rbenv/versions/3.2.8/include/ruby-3.2.0/ruby/backward -I/Users/naoki/.rbenv/versions/3.2.8/include/ruby-3.2.0 -I. -D_XOPEN_SOURCE -D_DARWIN_C_SOURCE -D_DARWIN_UNLIMITED_SELECT -D_REENTRANT   -w -fdeclspec -O3 -fno-fast-math -ggdb3 -Wall -Wextra -Wextra-tokens -Wdeprecated-declarations -Wdivision-by-zero -Wdiv-by-zero -Wduplicated-cond -Wimplicit-function-declaration -Wimplicit-int -Wmisleading-indentation -Wpointer-arith -Wshorten-64-to-32 -Wwrite-strings -Wold-style-definition -Wimplicit-fallthrough=0 -Wmissing-noreturn -Wno-cast-function-type -Wno-constant-logical-operand -Wno-long-long -Wno-missing-field-initializers -Wno-overlength-strings -Wno-packed-bitfield-compat -Wno-parentheses-equality -Wno-self-assign -Wno-tautological-compare -Wno-unused-parameter -Wno-unused-value -Wsuggest-attribute=format -Wsuggest-attribute=noreturn -Wunused-variable -diag-disable=175,188,1684,2259,2312 -Wno-maybe-uninitialized -Wundef -fno-common -pipe -Wall -O3  -pedantic -Werror -c conftest.c"
checked program was:
/* begin */
1: #include "ruby.h"
2: 
3: int main(int argc, char **argv)
4: {
5:   return !!argv[argc];
6: }
/* end */

--------------------

block in append_cflags: checking for whether -std=c99 is accepted as CFLAGS... -------------------- yes

DYLD_LIBRARY_PATH=.:/Users/naoki/.rbenv/versions/3.2.8/lib "clang -I/Users/naoki/.rbenv/versions/3.2.8/include/ruby-3.2.0/arm64-darwin22 -I/Users/naoki/.rbenv/versions/3.2.8/include/ruby-3.2.0/ruby/backward -I/Users/naoki/.rbenv/versions/3.2.8/include/ruby-3.2.0 -I. -D_XOPEN_SOURCE -D_DARWIN_C_SOURCE -D_DARWIN_UNLIMITED_SELECT -D_REENTRANT   -w -fdeclspec -O3 -fno-fast-math -ggdb3 -Wall -Wextra -Wextra-tokens -Wdeprecated-declarations -Wdivision-by-zero -Wdiv-by-zero -Wduplicated-cond -Wimplicit-function-declaration -Wimplicit-int -Wmisleading-indentation -Wpointer-arith -Wshorten-64-to-32 -Wwrite-strings -Wold-style-definition -Wimplicit-fallthrough=0 -Wmissing-noreturn -Wno-cast-function-type -Wno-constant-logical-operand -Wno-long-long -Wno-missing-field-initializers -Wno-overlength-strings -Wno-packed-bitfield-compat -Wno-parentheses-equality -Wno-self-assign -Wno-tautological-compare -Wno-unused-parameter -Wno-unused-value -Wsuggest-attribute=format -Wsuggest-attribute=noreturn -Wunused-variable -diag-disable=175,188,1684,2259,2312 -Wno-maybe-uninitialized -Wundef -fno-common -pipe -Wall -O3 -pedantic  -std=c99 -Werror -c conftest.c"
checked program was:
/* begin */
1: #include "ruby.h"
2: 
3: int main(int argc, char **argv)
4: {
5:   return !!argv[argc];
6: }
/* end */

--------------------

