current directory: /Users/naoki/my_work/backpackers_app/backpackers_app/backend/.bundle/ruby/3.2.0/gems/nio4r-2.7.4/ext/nio4r
/Users/naoki/.rbenv/versions/3.2.8/bin/ruby extconf.rb
checking for unistd.h... yes
checking for rb_io_descriptor()... yes
checking for linux/aio_abi.h... no
checking for linux/io_uring.h... no
checking for sys/select.h... yes
checking for port_event_t in poll.h... no
checking for sys/epoll.h... no
checking for sys/event.h... yes
checking for sys/queue.h... yes
checking for port_event_t in port.h... no
checking for sys/resource.h... yes
creating Makefile

current directory: /Users/naoki/my_work/backpackers_app/backpackers_app/backend/.bundle/ruby/3.2.0/gems/nio4r-2.7.4/ext/nio4r
make DESTDIR\= sitearchdir\=./.gem.20250620-39584-hokyhp sitelibdir\=./.gem.20250620-39584-hokyhp clean

current directory: /Users/naoki/my_work/backpackers_app/backpackers_app/backend/.bundle/ruby/3.2.0/gems/nio4r-2.7.4/ext/nio4r
make DESTDIR\= sitearchdir\=./.gem.20250620-39584-hokyhp sitelibdir\=./.gem.20250620-39584-hokyhp
compiling bytebuffer.c
compiling monitor.c
compiling nio4r_ext.c
compiling selector.c
linking shared-object nio4r_ext.bundle

current directory: /Users/naoki/my_work/backpackers_app/backpackers_app/backend/.bundle/ruby/3.2.0/gems/nio4r-2.7.4/ext/nio4r
make DESTDIR\= sitearchdir\=./.gem.20250620-39584-hokyhp sitelibdir\=./.gem.20250620-39584-hokyhp install
/usr/bin/install -c -m 0755 nio4r_ext.bundle ./.gem.20250620-39584-hokyhp

current directory: /Users/naoki/my_work/backpackers_app/backpackers_app/backend/.bundle/ruby/3.2.0/gems/nio4r-2.7.4/ext/nio4r
make DESTDIR\= sitearchdir\=./.gem.20250620-39584-hokyhp sitelibdir\=./.gem.20250620-39584-hokyhp clean
