current directory: /Users/naoki/my_work/backpackers_app/backpackers_app/backend/.bundle/ruby/3.2.0/gems/psych-5.2.6/ext/psych
/Users/naoki/.rbenv/versions/3.2.8/bin/ruby extconf.rb
checking for yaml.h... yes
checking for yaml_get_version() in -lyaml... yes
creating Makefile

current directory: /Users/naoki/my_work/backpackers_app/backpackers_app/backend/.bundle/ruby/3.2.0/gems/psych-5.2.6/ext/psych
make DESTDIR\= sitearchdir\=./.gem.20250620-39584-891kz sitelibdir\=./.gem.20250620-39584-891kz clean
cd libyaml && /Library/Developer/CommandLineTools/usr/bin/make clean
/bin/sh: line 0: cd: libyaml: No such file or directory
make: [clean-so] Error 1 (ignored)

current directory: /Users/naoki/my_work/backpackers_app/backpackers_app/backend/.bundle/ruby/3.2.0/gems/psych-5.2.6/ext/psych
make DESTDIR\= sitearchdir\=./.gem.20250620-39584-891kz sitelibdir\=./.gem.20250620-39584-891kz
compiling psych.c
compiling psych_emitter.c
compiling psych_parser.c
compiling psych_to_ruby.c
compiling psych_yaml_tree.c
linking shared-object psych.bundle

current directory: /Users/naoki/my_work/backpackers_app/backpackers_app/backend/.bundle/ruby/3.2.0/gems/psych-5.2.6/ext/psych
make DESTDIR\= sitearchdir\=./.gem.20250620-39584-891kz sitelibdir\=./.gem.20250620-39584-891kz install
/usr/bin/install -c -m 0755 psych.bundle ./.gem.20250620-39584-891kz

current directory: /Users/naoki/my_work/backpackers_app/backpackers_app/backend/.bundle/ruby/3.2.0/gems/psych-5.2.6/ext/psych
make DESTDIR\= sitearchdir\=./.gem.20250620-39584-891kz sitelibdir\=./.gem.20250620-39584-891kz clean
cd libyaml && /Library/Developer/CommandLineTools/usr/bin/make clean
/bin/sh: line 0: cd: libyaml: No such file or directory
make: [clean-so] Error 1 (ignored)
